Running in Lattice mode


Starting:    /home/bnossum/lscc/iCEcube2.2017.08/synpbase/linux_a_64/mbin/synbatch
Install:     /home/bnossum/lscc/iCEcube2.2017.08/synpbase
Hostname:    x230b
Date:        Mon Oct 12 12:21:40 2020
Version:     L-2016.09L+ice40

Arguments:   -product synplify_pro -batch t1_syn.prj
ProductType: synplify_pro





log file: "/home/bnossum/GITSTUFF/GIT/midgetv/work/hwtst/min_icebreaker/iCEcube2_flow/t1/t1_Implmnt/t1.srr"
Running: t1_Implmnt in foreground

Running t1_syn|t1_Implmnt

Running: compile (Compile) on t1_syn|t1_Implmnt
# Mon Oct 12 12:21:40 2020

Running: compile_flow (Compile Process) on t1_syn|t1_Implmnt
# Mon Oct 12 12:21:40 2020

Running: compiler (Compile Input) on t1_syn|t1_Implmnt
# Mon Oct 12 12:21:40 2020
Copied /home/bnossum/GITSTUFF/GIT/midgetv/work/hwtst/min_icebreaker/iCEcube2_flow/t1/t1_Implmnt/synwork/t1_comp.srs to /home/bnossum/GITSTUFF/GIT/midgetv/work/hwtst/min_icebreaker/iCEcube2_flow/t1/t1_Implmnt/t1.srs

compiler completed
# Mon Oct 12 12:21:42 2020

Return Code: 0
Run Time:00h:00m:02s

Running: multi_srs_gen (Multi-srs Generator) on t1_syn|t1_Implmnt
# Mon Oct 12 12:21:42 2020

multi_srs_gen completed
# Mon Oct 12 12:21:43 2020

Return Code: 0
Run Time:00h:00m:01s
Copied /home/bnossum/GITSTUFF/GIT/midgetv/work/hwtst/min_icebreaker/iCEcube2_flow/t1/t1_Implmnt/synwork/t1_mult.srs to /home/bnossum/GITSTUFF/GIT/midgetv/work/hwtst/min_icebreaker/iCEcube2_flow/t1/t1_Implmnt/t1.srs
Complete: Compile Process on t1_syn|t1_Implmnt

Running: premap (Pre-mapping) on t1_syn|t1_Implmnt
# Mon Oct 12 12:21:43 2020

premap completed with warnings
# Mon Oct 12 12:21:43 2020

Return Code: 1
Run Time:00h:00m:00s
Complete: Compile on t1_syn|t1_Implmnt

Running: map (Map) on t1_syn|t1_Implmnt
# Mon Oct 12 12:21:43 2020
License granted for 4 parallel jobs

Running: fpga_mapper (Map & Optimize) on t1_syn|t1_Implmnt
# Mon Oct 12 12:21:43 2020
Copied /home/bnossum/GITSTUFF/GIT/midgetv/work/hwtst/min_icebreaker/iCEcube2_flow/t1/t1_Implmnt/synwork/t1_m.srm to /home/bnossum/GITSTUFF/GIT/midgetv/work/hwtst/min_icebreaker/iCEcube2_flow/t1/t1_Implmnt/t1.srm

fpga_mapper completed with warnings
# Mon Oct 12 12:21:46 2020

Return Code: 1
Run Time:00h:00m:03s
Complete: Map on t1_syn|t1_Implmnt
Complete: Logic Synthesis on t1_syn|t1_Implmnt

exit status=0

exit status=0

