* ******************************************************************************

* iCEcube Report

* Version:            2017.08.27940

* Build Date:         Sep 12 2017 08:02:28

* File Generated:     Oct 12 2020 16:05:09

* Purpose:            General info of design implementation

* Copyright (C) 2006-2010 by Lattice Semiconductor Corp. All rights reserved.

* ******************************************************************************

Synthesis/Placement Summary:
----------------------------
    Status:  Successful
    Runtime: 1 seconds

Device Info:
------------
    Device Family: iCE40UP
    Device:        iCE40UP5K
    Package:       SG48

Design statistics:
------------------
    FFs:                  94
    LUTs:                 296
    RAMs:                 10
    IOBs:                 7
    GBs:                  1
    PLLs:                 0
    Warm Boots:           0
    SPIs:                 0
    I2Cs:                 0
    HFOSCs:               0
    LFOSCs:               0
    RGBA_DRVs:            0
    LEDDA_IPs:            0
    DSPs:                 0
    SPRAMs:               0
    FILTER_50NSs:         0

Logic Resource Utilization:
---------------------------
    Total Logic Cells: 297/5280
        Combinational Logic Cells: 203      out of   5280      3.8447%
        Sequential Logic Cells:    94       out of   5280      1.7803%
        Logic Tiles:               58       out of   660       8.78788%
    Registers: 
        Logic Registers:           94       out of   5280      1.7803%
        IO Registers:              5        out of   480       1.04167
    Block RAMs:                    10       out of   30        33.3333%
    Warm Boots:                    0        out of   1         0%
    SPIs:                          0        out of   2         0%
    I2Cs:                          0        out of   2         0%
    HFOSCs:                        0        out of   1         0%
    LFOSCs:                        0        out of   1         0%
    RGBA_DRVs:                     0        out of   1         0%
    LEDDA_IPs:                     0        out of   1         0%
    DSPs:                          0        out of   8         0%
    SPRAMs:                        0        out of   4         0%
    FILTER_50NSs:                  0        out of   2         0%
    Pins:
        Input Pins:                2        out of   39        5.12821%
        Output Pins:               5        out of   39        12.8205%
        InOut Pins:                0        out of   39        0%
    Global Buffers:                1        out of   8         12.5%
    PLLs:                          0        out of   1         0%

IO Bank Utilization:
--------------------
    Bank 3: 0        out of   0         0%
    Bank 1: 0        out of   0         0%
    Bank 0: 5        out of   17        29.4118%
    Bank 2: 2        out of   22        9.09091%

Detailed I/O Info:
------------------
    Input Pins: 
    Pin Number  Direction  IO Standard  Pull Up  IO Bank  IO Function        Signal Name
    ----------  ---------  -----------  -------  -------  -----------        -----------
    6           Input      SB_LVCMOS    No       2        Input Registered   RX    
    35          Input      SB_LVCMOS    No       0        Simple Input       CLK   

    Output Pins: 
    Pin Number  Direction  IO Standard  Pull Up  IO Bank  IO Function        Signal Name
    ----------  ---------  -----------  -------  -------  -----------        -----------
    9           Output     SB_LVCMOS    No       2        Output Registered  TX    
    23          Output     SB_LVCMOS    No       0        Output Registered  LED4  
    25          Output     SB_LVCMOS    No       0        Simple Output      LED3  
    26          Output     SB_LVCMOS    No       0        Output Registered  LED1  
    27          Output     SB_LVCMOS    No       0        Output Registered  LED2  

Detailed Global Buffer Info:
----------------------------
    Buffer Number  IO Bank  Driven By  Fanout  Signal Name
    -------------  -------  ---------  ------  -----------
    7              0        IO         117     CLK_c  
